<?xml version="1.0" encoding="UTF-8" ?>
<testsuite tests="9" failures="0" name="comments.steps.TestRunner" time="1.449" errors="0" skipped="0">
  <properties>
[...]
</properties>
  <testcase classname="Scenario: I can add a comment" name="Given I am on a blog page" time="0.006"/>
  <testcase classname="Scenario: I can add a comment" name="And I login as a user who can comment" time="0"/>
  <testcase classname="Scenario: I can add a comment" name="When I write a comment" time="0"/>
  <testcase classname="Scenario: I can add a comment" name="Then My comment should be displayed at the top of the list" time="0"/>
  <testcase classname="Scenario: I can add a comment" name="Scenario: I can add a comment" time="0.717"/>
  <testcase classname="Scenario: If I am unverified I see resend email prompt" name="Given I am on a blog page" time="0"/>
  <testcase classname="Scenario: If I am unverified I see resend email prompt" name="And I login as an unverified user" time="0"/>
  <testcase classname="Scenario: If I am unverified I see resend email prompt" name="Then I should see a resend email prompt" time="0"/>
  <testcase classname="Scenario: If I am unverified I see resend email prompt" name="Scenario: If I am unverified I see resend email prompt" time="0.726"/>
</testsuite>